{"/home/pedro-lucas-martins/dev/desafio-corporate-web/desafio-corporate-web-backend/src/controller/note.controller.ts": {"path":"/home/pedro-lucas-martins/dev/desafio-corporate-web/desafio-corporate-web-backend/src/controller/note.controller.ts","statementMap":{"0":{"start":{"line":1,"column":0},"end":{"line":1,"column":null}},"1":{"start":{"line":14,"column":0},"end":{"line":14,"column":65}},"2":{"start":{"line":15,"column":0},"end":{"line":15,"column":37}},"3":{"start":{"line":16,"column":0},"end":{"line":16,"column":50}},"4":{"start":{"line":18,"column":0},"end":{"line":18,"column":54}},"5":{"start":{"line":19,"column":0},"end":{"line":19,"column":null}},"6":{"start":{"line":27,"column":0},"end":{"line":27,"column":47}},"7":{"start":{"line":28,"column":0},"end":{"line":28,"column":41}},"8":{"start":{"line":31,"column":7},"end":{"line":142,"column":null}},"9":{"start":{"line":33,"column":35},"end":{"line":33,"column":49}},"10":{"start":{"line":34,"column":35},"end":{"line":34,"column":48}},"11":{"start":{"line":51,"column":26},"end":{"line":54,"column":null}},"12":{"start":{"line":56,"column":33},"end":{"line":56,"column":72}},"13":{"start":{"line":57,"column":2},"end":{"line":57,"column":67}},"14":{"start":{"line":73,"column":29},"end":{"line":74,"column":null}},"15":{"start":{"line":77,"column":2},"end":{"line":82,"column":3}},"16":{"start":{"line":78,"column":3},"end":{"line":81,"column":5}},"17":{"start":{"line":83,"column":2},"end":{"line":83,"column":67}},"18":{"start":{"line":97,"column":26},"end":{"line":98,"column":null}},"19":{"start":{"line":100,"column":2},"end":{"line":100,"column":60}},"20":{"start":{"line":118,"column":26},"end":{"line":121,"column":null}},"21":{"start":{"line":123,"column":33},"end":{"line":125,"column":null}},"22":{"start":{"line":128,"column":2},"end":{"line":128,"column":67}},"23":{"start":{"line":140,"column":2},"end":{"line":140,"column":56}},"24":{"start":{"line":31,"column":13},"end":{"line":31,"column":27}},"25":{"start":{"line":48,"column":14},"end":{"line":58,"column":null}},"26":{"start":{"line":70,"column":14},"end":{"line":84,"column":null}},"27":{"start":{"line":94,"column":14},"end":{"line":101,"column":null}},"28":{"start":{"line":114,"column":14},"end":{"line":129,"column":null}},"29":{"start":{"line":139,"column":14},"end":{"line":141,"column":null}},"30":{"start":{"line":31,"column":13},"end":{"line":142,"column":null}}},"fnMap":{"0":{"name":"(anonymous_4)","decl":{"start":{"line":32,"column":1},"end":{"line":32,"column":null}},"loc":{"start":{"line":34,"column":59},"end":{"line":35,"column":5}}},"1":{"name":"(anonymous_5)","decl":{"start":{"line":48,"column":8},"end":{"line":48,"column":13}},"loc":{"start":{"line":49,"column":38},"end":{"line":58,"column":2}}},"2":{"name":"(anonymous_6)","decl":{"start":{"line":70,"column":8},"end":{"line":70,"column":13}},"loc":{"start":{"line":71,"column":37},"end":{"line":84,"column":2}}},"3":{"name":"(anonymous_7)","decl":{"start":{"line":94,"column":8},"end":{"line":94,"column":13}},"loc":{"start":{"line":95,"column":37},"end":{"line":101,"column":2}}},"4":{"name":"(anonymous_8)","decl":{"start":{"line":114,"column":8},"end":{"line":114,"column":13}},"loc":{"start":{"line":116,"column":31},"end":{"line":129,"column":2}}},"5":{"name":"(anonymous_9)","decl":{"start":{"line":139,"column":8},"end":{"line":139,"column":13}},"loc":{"start":{"line":139,"column":60},"end":{"line":141,"column":2}}}},"branchMap":{"0":{"loc":{"start":{"line":77,"column":2},"end":{"line":82,"column":3}},"type":"if","locations":[{"start":{"line":77,"column":2},"end":{"line":82,"column":3}}]}},"s":{"0":1,"1":1,"2":1,"3":1,"4":1,"5":1,"6":1,"7":1,"8":1,"9":8,"10":8,"11":1,"12":1,"13":1,"14":2,"15":2,"16":1,"17":1,"18":2,"19":1,"20":1,"21":1,"22":1,"23":1,"24":1,"25":1,"26":1,"27":1,"28":1,"29":1,"30":1},"f":{"0":8,"1":1,"2":2,"3":2,"4":1,"5":1},"b":{"0":[1]}}
,"/home/pedro-lucas-martins/dev/desafio-corporate-web/desafio-corporate-web-backend/src/repository/note.repository.ts": {"path":"/home/pedro-lucas-martins/dev/desafio-corporate-web/desafio-corporate-web-backend/src/repository/note.repository.ts","statementMap":{"0":{"start":{"line":1,"column":0},"end":{"line":1,"column":44}},"1":{"start":{"line":2,"column":0},"end":{"line":2,"column":50}},"2":{"start":{"line":6,"column":7},"end":{"line":62,"column":null}},"3":{"start":{"line":7,"column":21},"end":{"line":7,"column":36}},"4":{"start":{"line":10,"column":19},"end":{"line":17,"column":4}},"5":{"start":{"line":18,"column":2},"end":{"line":18,"column":18}},"6":{"start":{"line":22,"column":22},"end":{"line":26,"column":4}},"7":{"start":{"line":27,"column":2},"end":{"line":27,"column":21}},"8":{"start":{"line":31,"column":2},"end":{"line":35,"column":5}},"9":{"start":{"line":39,"column":15},"end":{"line":43,"column":4}},"10":{"start":{"line":44,"column":2},"end":{"line":44,"column":27}},"11":{"start":{"line":48,"column":23},"end":{"line":52,"column":4}},"12":{"start":{"line":53,"column":2},"end":{"line":53,"column":35}},"13":{"start":{"line":57,"column":2},"end":{"line":60,"column":5}},"14":{"start":{"line":6,"column":13},"end":{"line":6,"column":27}},"15":{"start":{"line":6,"column":13},"end":{"line":62,"column":null}}},"fnMap":{"0":{"name":"(anonymous_2)","decl":{"start":{"line":7,"column":1},"end":{"line":7,"column":21}},"loc":{"start":{"line":7,"column":49},"end":{"line":7,"column":53}}},"1":{"name":"(anonymous_3)","decl":{"start":{"line":9,"column":8},"end":{"line":9,"column":13}},"loc":{"start":{"line":9,"column":44},"end":{"line":19,"column":2}}},"2":{"name":"(anonymous_4)","decl":{"start":{"line":21,"column":8},"end":{"line":21,"column":13}},"loc":{"start":{"line":21,"column":40},"end":{"line":28,"column":2}}},"3":{"name":"(anonymous_5)","decl":{"start":{"line":30,"column":8},"end":{"line":30,"column":13}},"loc":{"start":{"line":30,"column":38},"end":{"line":36,"column":2}}},"4":{"name":"(anonymous_6)","decl":{"start":{"line":38,"column":8},"end":{"line":38,"column":13}},"loc":{"start":{"line":38,"column":49},"end":{"line":45,"column":2}}},"5":{"name":"(anonymous_7)","decl":{"start":{"line":47,"column":8},"end":{"line":47,"column":13}},"loc":{"start":{"line":47,"column":48},"end":{"line":54,"column":2}}},"6":{"name":"(anonymous_8)","decl":{"start":{"line":56,"column":8},"end":{"line":56,"column":13}},"loc":{"start":{"line":56,"column":38},"end":{"line":61,"column":2}}}},"branchMap":{},"s":{"0":3,"1":3,"2":3,"3":7,"4":1,"5":1,"6":1,"7":1,"8":1,"9":1,"10":1,"11":1,"12":1,"13":1,"14":3,"15":3},"f":{"0":7,"1":1,"2":1,"3":1,"4":1,"5":1,"6":1},"b":{}}
,"/home/pedro-lucas-martins/dev/desafio-corporate-web/desafio-corporate-web-backend/src/service/note.service.ts": {"path":"/home/pedro-lucas-martins/dev/desafio-corporate-web/desafio-corporate-web-backend/src/service/note.service.ts","statementMap":{"0":{"start":{"line":1,"column":0},"end":{"line":1,"column":null}},"1":{"start":{"line":8,"column":0},"end":{"line":8,"column":50}},"2":{"start":{"line":9,"column":0},"end":{"line":9,"column":47}},"3":{"start":{"line":13,"column":7},"end":{"line":79,"column":null}},"4":{"start":{"line":15,"column":38},"end":{"line":15,"column":54}},"5":{"start":{"line":19,"column":3},"end":{"line":19,"column":57}},"6":{"start":{"line":20,"column":2},"end":{"line":24,"column":3}},"7":{"start":{"line":21,"column":3},"end":{"line":23,"column":5}},"8":{"start":{"line":25,"column":2},"end":{"line":25,"column":46}},"9":{"start":{"line":29,"column":23},"end":{"line":30,"column":null}},"10":{"start":{"line":32,"column":2},"end":{"line":36,"column":3}},"11":{"start":{"line":33,"column":3},"end":{"line":35,"column":5}},"12":{"start":{"line":38,"column":33},"end":{"line":38,"column":75}},"13":{"start":{"line":40,"column":2},"end":{"line":40,"column":21}},"14":{"start":{"line":45,"column":3},"end":{"line":45,"column":52}},"15":{"start":{"line":47,"column":2},"end":{"line":47,"column":23}},"16":{"start":{"line":52,"column":3},"end":{"line":52,"column":57}},"17":{"start":{"line":53,"column":2},"end":{"line":55,"column":3}},"18":{"start":{"line":54,"column":3},"end":{"line":54,"column":77}},"19":{"start":{"line":56,"column":2},"end":{"line":56,"column":22}},"20":{"start":{"line":61,"column":3},"end":{"line":61,"column":57}},"21":{"start":{"line":63,"column":2},"end":{"line":67,"column":3}},"22":{"start":{"line":64,"column":3},"end":{"line":66,"column":5}},"23":{"start":{"line":70,"column":2},"end":{"line":70,"column":34}},"24":{"start":{"line":71,"column":2},"end":{"line":71,"column":38}},"25":{"start":{"line":75,"column":3},"end":{"line":75,"column":51}},"26":{"start":{"line":77,"column":2},"end":{"line":77,"column":21}},"27":{"start":{"line":13,"column":13},"end":{"line":13,"column":24}},"28":{"start":{"line":13,"column":13},"end":{"line":79,"column":null}}},"fnMap":{"0":{"name":"(anonymous_4)","decl":{"start":{"line":14,"column":1},"end":{"line":14,"column":null}},"loc":{"start":{"line":15,"column":68},"end":{"line":16,"column":5}}},"1":{"name":"(anonymous_5)","decl":{"start":{"line":17,"column":8},"end":{"line":17,"column":13}},"loc":{"start":{"line":17,"column":38},"end":{"line":26,"column":2}}},"2":{"name":"(anonymous_6)","decl":{"start":{"line":28,"column":8},"end":{"line":28,"column":13}},"loc":{"start":{"line":28,"column":40},"end":{"line":41,"column":2}}},"3":{"name":"(anonymous_7)","decl":{"start":{"line":43,"column":8},"end":{"line":43,"column":13}},"loc":{"start":{"line":43,"column":43},"end":{"line":48,"column":2}}},"4":{"name":"(anonymous_8)","decl":{"start":{"line":50,"column":8},"end":{"line":50,"column":13}},"loc":{"start":{"line":50,"column":42},"end":{"line":57,"column":2}}},"5":{"name":"(anonymous_9)","decl":{"start":{"line":59,"column":8},"end":{"line":59,"column":13}},"loc":{"start":{"line":59,"column":55},"end":{"line":78,"column":2}}}},"branchMap":{"0":{"loc":{"start":{"line":20,"column":2},"end":{"line":24,"column":3}},"type":"if","locations":[{"start":{"line":20,"column":2},"end":{"line":24,"column":3}}]},"1":{"loc":{"start":{"line":32,"column":2},"end":{"line":36,"column":3}},"type":"if","locations":[{"start":{"line":32,"column":2},"end":{"line":36,"column":3}}]},"2":{"loc":{"start":{"line":53,"column":2},"end":{"line":55,"column":3}},"type":"if","locations":[{"start":{"line":53,"column":2},"end":{"line":55,"column":3}}]},"3":{"loc":{"start":{"line":63,"column":2},"end":{"line":67,"column":3}},"type":"if","locations":[{"start":{"line":63,"column":2},"end":{"line":67,"column":3}}]}},"s":{"0":2,"1":2,"2":2,"3":2,"4":10,"5":2,"6":2,"7":1,"8":1,"9":2,"10":2,"11":1,"12":1,"13":1,"14":2,"15":2,"16":2,"17":2,"18":1,"19":1,"20":2,"21":2,"22":1,"23":1,"24":1,"25":1,"26":1,"27":2,"28":2},"f":{"0":10,"1":2,"2":2,"3":2,"4":2,"5":2},"b":{"0":[1],"1":[1],"2":[1],"3":[1]}}
}
