TN:
SF:src/controller/note.controller.ts
FN:32,(anonymous_4)
FN:48,(anonymous_5)
FN:70,(anonymous_6)
FN:94,(anonymous_7)
FN:114,(anonymous_8)
FN:139,(anonymous_9)
FNF:6
FNH:6
FNDA:8,(anonymous_4)
FNDA:1,(anonymous_5)
FNDA:2,(anonymous_6)
FNDA:2,(anonymous_7)
FNDA:1,(anonymous_8)
FNDA:1,(anonymous_9)
DA:1,1
DA:14,1
DA:15,1
DA:16,1
DA:18,1
DA:19,1
DA:27,1
DA:28,1
DA:31,1
DA:33,8
DA:34,8
DA:48,1
DA:51,1
DA:56,1
DA:57,1
DA:70,1
DA:73,2
DA:77,2
DA:78,1
DA:83,1
DA:94,1
DA:97,2
DA:100,1
DA:114,1
DA:118,1
DA:123,1
DA:128,1
DA:139,1
DA:140,1
LF:29
LH:29
BRDA:77,0,0,1
BRF:1
BRH:1
end_of_record
TN:
SF:src/repository/note.repository.ts
FN:7,(anonymous_2)
FN:9,(anonymous_3)
FN:21,(anonymous_4)
FN:30,(anonymous_5)
FN:38,(anonymous_6)
FN:47,(anonymous_7)
FN:56,(anonymous_8)
FNF:7
FNH:7
FNDA:7,(anonymous_2)
FNDA:1,(anonymous_3)
FNDA:1,(anonymous_4)
FNDA:1,(anonymous_5)
FNDA:1,(anonymous_6)
FNDA:1,(anonymous_7)
FNDA:1,(anonymous_8)
DA:1,3
DA:2,3
DA:6,3
DA:7,7
DA:10,1
DA:18,1
DA:22,1
DA:27,1
DA:31,1
DA:39,1
DA:44,1
DA:48,1
DA:53,1
DA:57,1
LF:14
LH:14
BRF:0
BRH:0
end_of_record
TN:
SF:src/service/note.service.ts
FN:14,(anonymous_4)
FN:17,(anonymous_5)
FN:28,(anonymous_6)
FN:43,(anonymous_7)
FN:50,(anonymous_8)
FN:59,(anonymous_9)
FNF:6
FNH:6
FNDA:10,(anonymous_4)
FNDA:2,(anonymous_5)
FNDA:2,(anonymous_6)
FNDA:2,(anonymous_7)
FNDA:2,(anonymous_8)
FNDA:2,(anonymous_9)
DA:1,2
DA:8,2
DA:9,2
DA:13,2
DA:15,10
DA:19,2
DA:20,2
DA:21,1
DA:25,1
DA:29,2
DA:32,2
DA:33,1
DA:38,1
DA:40,1
DA:45,2
DA:47,2
DA:52,2
DA:53,2
DA:54,1
DA:56,1
DA:61,2
DA:63,2
DA:64,1
DA:70,1
DA:71,1
DA:75,1
DA:77,1
LF:27
LH:27
BRDA:20,0,0,1
BRDA:32,1,0,1
BRDA:53,2,0,1
BRDA:63,3,0,1
BRF:4
BRH:4
end_of_record
